...patience...
...patience...
...found 1834 targets...
...updating 5 targets...
compile-c-c++ bin\msvc-14.0\debug\BoostPythonPlayground\playground.obj
playground.cpp
Unknown compiler version - please run the configure tests and report the results
C:\boost_1_55_0\boost/python/object/value_holder.hpp(133): warning C4459: declaration of 'self' hides global declaration
C:\boost_1_55_0\boost/python/self.hpp(24): note: see declaration of 'boost::python::self_ns::self'
C:\boost_1_55_0\boost/type_traits/alignment_of.hpp(42): note: see reference to class template instantiation 'boost::python::objects::value_holder<T>' being compiled
        with
        [
            T=Y
        ]
C:\boost_1_55_0\boost/type_traits/alignment_of.hpp(65): note: see reference to class template instantiation 'boost::detail::alignment_of_hack<T>' being compiled
        with
        [
            T=holder
        ]
C:\boost_1_55_0\boost/type_traits/alignment_of.hpp(89): note: see reference to class template instantiation 'boost::detail::alignment_of_impl<T>' being compiled
        with
        [
            T=holder
        ]
C:\boost_1_55_0\boost/python/object/instance.hpp(29): note: see reference to class template instantiation 'boost::alignment_of<Data>' being compiled
        with
        [
            Data=holder
        ]
C:\boost_1_55_0\boost/python/object/instance.hpp(44): note: see reference to class template instantiation 'boost::python::objects::instance<Data>' being compiled
        with
        [
            Data=holder
        ]
C:\boost_1_55_0\boost/python/class.hpp(500): note: see reference to class template instantiation 'boost::python::objects::additional_instance_size<holder>' being compiled
C:\boost_1_55_0\boost/python/class.hpp(630): note: see reference to function template instantiation 'void boost::python::class_<Y,boost::python::detail::not_specified,boost::python::detail::not_specified,boost::python::detail::not_specified>::initialize<boost::python::init<boost::mpl::void_,boost::mpl::void_,boost::mpl::void_,boost::mpl::void_,boost::mpl::void_,boost::mpl::void_,boost::mpl::void_,boost::mpl::void_,boost::mpl::void_,boost::mpl::void_,boost::mpl::void_,boost::mpl::void_,boost::mpl::void_,boost::mpl::void_,boost::mpl::void_>>(const DefVisitor &)' being compiled
        with
        [
            DefVisitor=boost::python::init<boost::mpl::void_,boost::mpl::void_,boost::mpl::void_,boost::mpl::void_,boost::mpl::void_,boost::mpl::void_,boost::mpl::void_,boost::mpl::void_,boost::mpl::void_,boost::mpl::void_,boost::mpl::void_,boost::mpl::void_,boost::mpl::void_,boost::mpl::void_,boost::mpl::void_>
        ]
C:\boost_1_55_0\boost/python/class.hpp(630): note: see reference to function template instantiation 'void boost::python::class_<Y,boost::python::detail::not_specified,boost::python::detail::not_specified,boost::python::detail::not_specified>::initialize<boost::python::init<boost::mpl::void_,boost::mpl::void_,boost::mpl::void_,boost::mpl::void_,boost::mpl::void_,boost::mpl::void_,boost::mpl::void_,boost::mpl::void_,boost::mpl::void_,boost::mpl::void_,boost::mpl::void_,boost::mpl::void_,boost::mpl::void_,boost::mpl::void_,boost::mpl::void_>>(const DefVisitor &)' being compiled
        with
        [
            DefVisitor=boost::python::init<boost::mpl::void_,boost::mpl::void_,boost::mpl::void_,boost::mpl::void_,boost::mpl::void_,boost::mpl::void_,boost::mpl::void_,boost::mpl::void_,boost::mpl::void_,boost::mpl::void_,boost::mpl::void_,boost::mpl::void_,boost::mpl::void_,boost::mpl::void_,boost::mpl::void_>
        ]
C:\boost_1_55_0\boost/python/class.hpp(628): note: while compiling class template member function 'boost::python::class_<Y,boost::python::detail::not_specified,boost::python::detail::not_specified,boost::python::detail::not_specified>::class_(const char *,const char *)'
BoostPythonPlayground\playground.cpp(222): note: see reference to function template instantiation 'boost::python::class_<Y,boost::python::detail::not_specified,boost::python::detail::not_specified,boost::python::detail::not_specified>::class_(const char *,const char *)' being compiled
BoostPythonPlayground\playground.cpp(222): note: see reference to class template instantiation 'boost::python::class_<Y,boost::python::detail::not_specified,boost::python::detail::not_specified,boost::python::detail::not_specified>' being compiled
C:\boost_1_55_0\boost/python/detail/defaults_def.hpp(246): error C2338: (stubs_type::max_args) <= mpl::size<SigT>::value
C:\boost_1_55_0\boost/python/class.hpp(599): note: see reference to function template instantiation 'void boost::python::detail::define_with_defaults<OverloadsT,boost::python::class_<X,boost::python::detail::not_specified,boost::python::detail::not_specified,boost::python::detail::not_specified>,boost::mpl::vector2<void,X &>>(const char *,const OverloadsT &,NameSpaceT &,const SigT &)' being compiled
        with
        [
            OverloadsT=boost::python::detail::overloads_proxy<boost::python::return_internal_reference<1,boost::python::default_call_policies>,f_member_overloads>,
            NameSpaceT=boost::python::class_<X,boost::python::detail::not_specified,boost::python::detail::not_specified,boost::python::detail::not_specified>,
            SigT=boost::mpl::vector2<void,X &>
        ]
C:\boost_1_55_0\boost/python/class.hpp(245): note: see reference to function template instantiation 'void boost::python::class_<X,boost::python::detail::not_specified,boost::python::detail::not_specified,boost::python::detail::not_specified>::def_maybe_overloads<A2,A1>(const char *,SigT,const OverloadsT &,const boost::python::detail::overloads_base *)' being compiled
        with
        [
            A2=boost::python::detail::overloads_proxy<boost::python::return_internal_reference<1,boost::python::default_call_policies>,f_member_overloads>,
            A1=void (__thiscall X::* )(void),
            SigT=void (__thiscall X::* )(void),
            OverloadsT=boost::python::detail::overloads_proxy<boost::python::return_internal_reference<1,boost::python::default_call_policies>,f_member_overloads>
        ]
C:\boost_1_55_0\boost/python/class.hpp(245): note: see reference to function template instantiation 'void boost::python::class_<X,boost::python::detail::not_specified,boost::python::detail::not_specified,boost::python::detail::not_specified>::def_maybe_overloads<A2,A1>(const char *,SigT,const OverloadsT &,const boost::python::detail::overloads_base *)' being compiled
        with
        [
            A2=boost::python::detail::overloads_proxy<boost::python::return_internal_reference<1,boost::python::default_call_policies>,f_member_overloads>,
            A1=void (__thiscall X::* )(void),
            SigT=void (__thiscall X::* )(void),
            OverloadsT=boost::python::detail::overloads_proxy<boost::python::return_internal_reference<1,boost::python::default_call_policies>,f_member_overloads>
        ]
BoostPythonPlayground\playground.cpp(225): note: see reference to function template instantiation 'boost::python::class_<X,boost::python::detail::not_specified,boost::python::detail::not_specified,boost::python::detail::not_specified> &boost::python::class_<X,boost::python::detail::not_specified,boost::python::detail::not_specified,boost::python::detail::not_specified>::def<void(__thiscall X::* )(void),boost::python::detail::overloads_proxy<boost::python::return_internal_reference<1,boost::python::default_call_policies>,DerivedT>>(const char *,A1,const A2 &)' being compiled
        with
        [
            DerivedT=f_member_overloads,
            A1=void (__thiscall X::* )(void),
            A2=boost::python::detail::overloads_proxy<boost::python::return_internal_reference<1,boost::python::default_call_policies>,f_member_overloads>
        ]
BoostPythonPlayground\playground.cpp(225): note: see reference to function template instantiation 'boost::python::class_<X,boost::python::detail::not_specified,boost::python::detail::not_specified,boost::python::detail::not_specified> &boost::python::class_<X,boost::python::detail::not_specified,boost::python::detail::not_specified,boost::python::detail::not_specified>::def<void(__thiscall X::* )(void),boost::python::detail::overloads_proxy<boost::python::return_internal_reference<1,boost::python::default_call_policies>,DerivedT>>(const char *,A1,const A2 &)' being compiled
        with
        [
            DerivedT=f_member_overloads,
            A1=void (__thiscall X::* )(void),
            A2=boost::python::detail::overloads_proxy<boost::python::return_internal_reference<1,boost::python::default_call_policies>,f_member_overloads>
        ]
C:\boost_1_55_0\boost/mpl/vector/aux_/preprocessed/plain/vector10.hpp(225): error C2039: 'item3': is not a member of 'boost::mpl::vector2<void,X &>'
C:\boost_1_55_0\boost/mpl/vector/aux_/iterator.hpp(40): note: see reference to class template instantiation 'boost::mpl::v_at<Vector,3>' being compiled
        with
        [
            Vector=boost::mpl::vector2<void,X &>
        ]
C:\boost_1_55_0\boost/mpl/deref.hpp(30): note: see reference to class template instantiation 'boost::mpl::v_iter<Vector,3>' being compiled
        with
        [
            Vector=boost::mpl::vector2<void,X &>
        ]
BoostPythonPlayground\playground.cpp(174): note: see reference to class template instantiation 'boost::mpl::deref<boost::mpl::v_iter<Vector,3>>' being compiled
        with
        [
            Vector=boost::mpl::vector2<void,X &>
        ]
C:\boost_1_55_0\boost/python/detail/defaults_def.hpp(252): note: see reference to class template instantiation 'f_member_overloads::non_void_return_type::gen<SigT>' being compiled
        with
        [
            SigT=boost::mpl::vector2<void,X &>
        ]
C:\boost_1_55_0\boost/mpl/vector/aux_/preprocessed/plain/vector10.hpp(225): error C2146: syntax error: missing ';' before identifier 'type'
C:\boost_1_55_0\boost/mpl/vector/aux_/preprocessed/plain/vector10.hpp(225): error C4430: missing type specifier - int assumed. Note: C++ does not support default-int
C:\boost_1_55_0\boost/mpl/vector/aux_/preprocessed/plain/vector10.hpp(225): error C2208: 'boost::type': no members defined using this type
C:\boost_1_55_0\boost/mpl/vector/aux_/iterator.hpp(40): error C2039: 'type': is not a member of 'boost::mpl::v_at<Vector,3>'
        with
        [
            Vector=boost::mpl::vector2<void,X &>
        ]
C:\boost_1_55_0\boost/mpl/vector/aux_/preprocessed/plain/vector10.hpp(302): error C2039: 'item4': is not a member of 'boost::mpl::vector2<void,X &>'
C:\boost_1_55_0\boost/mpl/vector/aux_/iterator.hpp(40): note: see reference to class template instantiation 'boost::mpl::v_at<Vector,4>' being compiled
        with
        [
            Vector=boost::mpl::vector2<void,X &>
        ]
C:\boost_1_55_0\boost/mpl/deref.hpp(30): note: see reference to class template instantiation 'boost::mpl::v_iter<Vector,4>' being compiled
        with
        [
            Vector=boost::mpl::vector2<void,X &>
        ]
BoostPythonPlayground\playground.cpp(174): note: see reference to class template instantiation 'boost::mpl::deref<boost::mpl::v_iter<Vector,4>>' being compiled
        with
        [
            Vector=boost::mpl::vector2<void,X &>
        ]
C:\boost_1_55_0\boost/mpl/vector/aux_/preprocessed/plain/vector10.hpp(302): error C2146: syntax error: missing ';' before identifier 'type'
C:\boost_1_55_0\boost/mpl/vector/aux_/preprocessed/plain/vector10.hpp(302): error C4430: missing type specifier - int assumed. Note: C++ does not support default-int
C:\boost_1_55_0\boost/mpl/vector/aux_/preprocessed/plain/vector10.hpp(302): error C2208: 'boost::type': no members defined using this type
C:\boost_1_55_0\boost/mpl/vector/aux_/iterator.hpp(40): error C2039: 'type': is not a member of 'boost::mpl::v_at<Vector,4>'
        with
        [
            Vector=boost::mpl::vector2<void,X &>
        ]

    call "C:\Program Files (x86)\Microsoft Visual Studio 14.0\vc\vcvarsall.bat" x86 >nul
cl /Zm800 -nologo @"bin\msvc-14.0\debug\BoostPythonPlayground\playground.obj.rsp" 

...failed compile-c-c++ bin\msvc-14.0\debug\BoostPythonPlayground\playground.obj...
...skipped <pbin\msvc-14.0\debug>playground.pyd for lack of <pbin\msvc-14.0\debug>BoostPythonPlayground\playground.obj...
...skipped <pbin\msvc-14.0\debug>playground.lib for lack of <pbin\msvc-14.0\debug>BoostPythonPlayground\playground.obj...
...skipped <pbin\msvc-14.0\debug>playground.pdb for lack of <pbin\msvc-14.0\debug>BoostPythonPlayground\playground.obj...
...skipped <p.>playground.pyd for lack of <pbin\msvc-14.0\debug>playground.pyd...
...failed updating 1 target...
...skipped 4 targets...
