Build started 4/18/2015 9:00:51 PM.
     1>Project "C:\work\MachineLearning2\ML\BoostPythonPlayground\BoostPythonPlayground.vcxproj" on node 2 (ClCompile target(s)).
     1>ClCompile:
         C:\Program Files (x86)\Microsoft Visual Studio 14.0\VC\bin\CL.exe /c /IC:\Python35\include /IC:\boost_1_55_0 /ZI /nologo /W3 /WX- /Od /Oy- /D WIN32 /D _DEBUG /D _CONSOLE /D _WINDLL /D _UNICODE /D UNICODE /Gm /EHsc /RTC1 /MDd /GS /fp:precise /Zc:wchar_t /Zc:forScope /Zc:inline /Fo"Debug\\" /Fd"Debug\vc140.pdb" /Gd /TP /analyze- /errorReport:prompt playground.cpp
         playground.cpp
         Unknown compiler version - please run the configure tests and report the results
     1>c:\work\machinelearning2\ml\boostpythonplayground\playground.cpp(216): error C2065: 'X': undeclared identifier
     1>c:\work\machinelearning2\ml\boostpythonplayground\playground.cpp(216): error C2923: 'boost::python::class_': 'X' is not a valid template type argument for parameter 'W'
     1>c:\work\machinelearning2\ml\boostpythonplayground\playground.cpp(216): error C2955: 'boost::python::class_': use of class template requires template argument list
         c:\boost_1_55_0\boost\python\class.hpp(161): note: see declaration of 'boost::python::class_'
     1>c:\work\machinelearning2\ml\boostpythonplayground\playground.cpp(217): error C2228: left of '.def' must have class/struct/union
     1>c:\work\machinelearning2\ml\boostpythonplayground\playground.cpp(217): error C2653: 'X': is not a class or namespace name
     1>c:\work\machinelearning2\ml\boostpythonplayground\playground.cpp(221): error C2653: 'X': is not a class or namespace name
     1>c:\work\machinelearning2\ml\boostpythonplayground\playground.cpp(221): error C2065: 'Y': undeclared identifier
     1>c:\work\machinelearning2\ml\boostpythonplayground\playground.cpp(221): error C2923: 'boost::python::class_': 'Y' is not a valid template type argument for parameter 'W'
     1>c:\work\machinelearning2\ml\boostpythonplayground\playground.cpp(221): error C2955: 'boost::python::class_': use of class template requires template argument list
         c:\boost_1_55_0\boost\python\class.hpp(161): note: see declaration of 'boost::python::class_'
     1>c:\work\machinelearning2\ml\boostpythonplayground\playground.cpp(221): error C2228: left of '.def' must have class/struct/union
     1>c:\work\machinelearning2\ml\boostpythonplayground\playground.cpp(221): error C2065: 'g': undeclared identifier
     1>c:\work\machinelearning2\ml\boostpythonplayground\playground.cpp(225): error C2065: 'Y1': undeclared identifier
     1>c:\work\machinelearning2\ml\boostpythonplayground\playground.cpp(225): error C2923: 'boost::python::class_': 'Y1' is not a valid template type argument for parameter 'W'
     1>c:\work\machinelearning2\ml\boostpythonplayground\playground.cpp(225): error C2955: 'boost::python::class_': use of class template requires template argument list
         c:\boost_1_55_0\boost\python\class.hpp(161): note: see declaration of 'boost::python::class_'
     1>c:\work\machinelearning2\ml\boostpythonplayground\playground.cpp(228): error C2065: 'return_internal_reference': undeclared identifier
     1>c:\work\machinelearning2\ml\boostpythonplayground\playground.cpp(228): error C2059: syntax error: '>'
     1>c:\work\machinelearning2\ml\boostpythonplayground\playground.cpp(228): error C3861: 'args': identifier not found
     1>Done Building Project "C:\work\MachineLearning2\ML\BoostPythonPlayground\BoostPythonPlayground.vcxproj" (ClCompile target(s)) -- FAILED.

Build FAILED.

Time Elapsed 00:00:02.82
